# JRE version: Java(TM) SE Runtime Environment (21.0.5+9) (build 21.0.5+9-LTS-239)
# Java VM: Java HotSpot(TM) 64-Bit Server VM (21.0.5+9-LTS-239, mixed mode, emulated-client, sharing, tiered, compressed oops, compressed class ptrs, g1 gc, windows-amd64)
GC Precious Log:
 CardTable entry size: 512
 Card Set container configuration: InlinePtr #cards 4 size 8 Array Of Cards #cards 16 size 48 Howl #buckets 8 coarsen threshold 3686 Howl Bitmap #cards 512 size 80 coarsen threshold 460 Card regions per heap region 1 cards per card region 4096
 CPUs: 20 total, 20 available
 Memory: 16077M
 Large Page Support: Disabled
 NUMA Support: Disabled
 Compressed Oops: Enabled (Zero based)
 Heap Region Size: 2M
 Heap Min Capacity: 8M
 Heap Initial Capacity: 252M
 Heap Max Capacity: 4020M
 Pre-touch: Disabled
 Parallel Workers: 15
 Concurrent Workers: 4
 Concurrent Refinement Workers: 15
 Periodic GC: Disabled
Heap:
 garbage-first heap   total 141312K, used 110807K [0x0000000704c00000, 0x0000000800000000)
  region size 2048K, 38 young (77824K), 3 survivors (6144K)
 Metaspace       used 74234K, committed 75136K, reserved 1114112K
  class space    used 9369K, committed 9792K, reserved 1048576K
GC Heap History (20 events):
Event: 267.843 GC heap after
{Heap after GC invocations=31 (full 1):
 garbage-first heap   total 141312K, used 47792K [0x0000000704c00000, 0x0000000800000000)
  region size 2048K, 3 young (6144K), 3 survivors (6144K)
 Metaspace       used 73564K, committed 74432K, reserved 1114112K
  class space    used 9258K, committed 9664K, reserved 1048576K
}
Event: 413.352 GC heap before
{Heap before GC invocations=31 (full 1):
 garbage-first heap   total 141312K, used 123568K [0x0000000704c00000, 0x0000000800000000)
  region size 2048K, 40 young (81920K), 3 survivors (6144K)
 Metaspace       used 73585K, committed 74496K, reserved 1114112K
  class space    used 9263K, committed 9664K, reserved 1048576K
}
Event: 413.357 GC heap after
{Heap after GC invocations=32 (full 1):
 garbage-first heap   total 141312K, used 47670K [0x0000000704c00000, 0x0000000800000000)
  region size 2048K, 3 young (6144K), 3 survivors (6144K)
 Metaspace       used 73585K, committed 74496K, reserved 1114112K
  class space    used 9263K, committed 9664K, reserved 1048576K
}
Event: 558.108 GC heap before
{Heap before GC invocations=32 (full 1):
 garbage-first heap   total 141312K, used 123446K [0x0000000704c00000, 0x0000000800000000)
  region size 2048K, 40 young (81920K), 3 survivors (6144K)
 Metaspace       used 73585K, committed 74496K, reserved 1114112K
  class space    used 9263K, committed 9664K, reserved 1048576K
}
Event: 558.124 GC heap after
{Heap after GC invocations=33 (full 1):
 garbage-first heap   total 141312K, used 47656K [0x0000000704c00000, 0x0000000800000000)
  region size 2048K, 3 young (6144K), 3 survivors (6144K)
 Metaspace       used 73585K, committed 74496K, reserved 1114112K
  class space    used 9263K, committed 9664K, reserved 1048576K
}
Event: 694.403 GC heap before
{Heap before GC invocations=34 (full 1):
 garbage-first heap   total 141312K, used 123432K [0x0000000704c00000, 0x0000000800000000)
  region size 2048K, 40 young (81920K), 3 survivors (6144K)
 Metaspace       used 73281K, committed 74496K, reserved 1114112K
  class space    used 9185K, committed 9664K, reserved 1048576K
}
Event: 694.406 GC heap after
{Heap after GC invocations=35 (full 1):
 garbage-first heap   total 141312K, used 48101K [0x0000000704c00000, 0x0000000800000000)
  region size 2048K, 3 young (6144K), 3 survivors (6144K)
 Metaspace       used 73281K, committed 74496K, reserved 1114112K
  class space    used 9185K, committed 9664K, reserved 1048576K
}
Event: 824.405 GC heap before
{Heap before GC invocations=35 (full 1):
 garbage-first heap   total 141312K, used 123877K [0x0000000704c00000, 0x0000000800000000)
  region size 2048K, 40 young (81920K), 3 survivors (6144K)
 Metaspace       used 73440K, committed 74496K, reserved 1114112K
  class space    used 9225K, committed 9664K, reserved 1048576K
}
Event: 824.416 GC heap after
{Heap after GC invocations=36 (full 1):
 garbage-first heap   total 141312K, used 42913K [0x0000000704c00000, 0x0000000800000000)
  region size 2048K, 3 young (6144K), 3 survivors (6144K)
 Metaspace       used 73440K, committed 74496K, reserved 1114112K
  class space    used 9225K, committed 9664K, reserved 1048576K
}
Event: 935.145 GC heap before
{Heap before GC invocations=36 (full 1):
 garbage-first heap   total 141312K, used 110497K [0x0000000704c00000, 0x0000000800000000)
  region size 2048K, 37 young (75776K), 3 survivors (6144K)
 Metaspace       used 74054K, committed 74880K, reserved 1114112K
  class space    used 9330K, committed 9728K, reserved 1048576K
}
Event: 935.154 GC heap after
{Heap after GC invocations=37 (full 1):
 garbage-first heap   total 141312K, used 43474K [0x0000000704c00000, 0x0000000800000000)
  region size 2048K, 3 young (6144K), 3 survivors (6144K)
 Metaspace       used 74054K, committed 74880K, reserved 1114112K
  class space    used 9330K, committed 9728K, reserved 1048576K
}
Event: 1080.506 GC heap before
{Heap before GC invocations=38 (full 1):
 garbage-first heap   total 141312K, used 121298K [0x0000000704c00000, 0x0000000800000000)
  region size 2048K, 41 young (83968K), 3 survivors (6144K)
 Metaspace       used 74137K, committed 75008K, reserved 1114112K
  class space    used 9350K, committed 9728K, reserved 1048576K
}
Event: 1080.520 GC heap after
{Heap after GC invocations=39 (full 1):
 garbage-first heap   total 141312K, used 43121K [0x0000000704c00000, 0x0000000800000000)
  region size 2048K, 3 young (6144K), 3 survivors (6144K)
 Metaspace       used 74137K, committed 75008K, reserved 1114112K
  class space    used 9350K, committed 9728K, reserved 1048576K
}
Event: 1220.671 GC heap before
{Heap before GC invocations=39 (full 1):
 garbage-first heap   total 141312K, used 120945K [0x0000000704c00000, 0x0000000800000000)
  region size 2048K, 41 young (83968K), 3 survivors (6144K)
 Metaspace       used 74150K, committed 75008K, reserved 1114112K
  class space    used 9352K, committed 9728K, reserved 1048576K
}
Event: 1220.681 GC heap after
{Heap after GC invocations=40 (full 1):
 garbage-first heap   total 141312K, used 41345K [0x0000000704c00000, 0x0000000800000000)
  region size 2048K, 3 young (6144K), 3 survivors (6144K)
 Metaspace       used 74150K, committed 75008K, reserved 1114112K
  class space    used 9352K, committed 9728K, reserved 1048576K
}
Event: 1368.513 GC heap before
{Heap before GC invocations=40 (full 1):
 garbage-first heap   total 141312K, used 119169K [0x0000000704c00000, 0x0000000800000000)
  region size 2048K, 41 young (83968K), 3 survivors (6144K)
 Metaspace       used 74154K, committed 75072K, reserved 1114112K
  class space    used 9353K, committed 9792K, reserved 1048576K
}
Event: 1368.529 GC heap after
{Heap after GC invocations=41 (full 1):
 garbage-first heap   total 141312K, used 41515K [0x0000000704c00000, 0x0000000800000000)
  region size 2048K, 3 young (6144K), 3 survivors (6144K)
 Metaspace       used 74154K, committed 75072K, reserved 1114112K
  class space    used 9353K, committed 9792K, reserved 1048576K
}
Event: 1517.887 GC heap before
{Heap before GC invocations=42 (full 1):
 garbage-first heap   total 141312K, used 119339K [0x0000000704c00000, 0x0000000800000000)
  region size 2048K, 41 young (83968K), 3 survivors (6144K)
 Metaspace       used 74188K, committed 75072K, reserved 1114112K
  class space    used 9359K, committed 9792K, reserved 1048576K
}
Event: 1517.891 GC heap after
{Heap after GC invocations=43 (full 1):
 garbage-first heap   total 141312K, used 41175K [0x0000000704c00000, 0x0000000800000000)
  region size 2048K, 3 young (6144K), 3 survivors (6144K)
 Metaspace       used 74188K, committed 75072K, reserved 1114112K
  class space    used 9359K, committed 9792K, reserved 1048576K
}
Event: 1650.889 GC heap before
{Heap before GC invocations=43 (full 1):
 garbage-first heap   total 141312K, used 110807K [0x0000000704c00000, 0x0000000800000000)
  region size 2048K, 38 young (77824K), 3 survivors (6144K)
 Metaspace       used 74234K, committed 75136K, reserved 1114112K
  class space    used 9369K, committed 9792K, reserved 1048576K
}

