# JRE version: OpenJDK Runtime Environment Temurin-21.0.10+7 (21.0.10+7) (build 21.0.10+7-LTS)
# Java VM: OpenJDK 64-Bit Server VM Temurin-21.0.10+7 (21.0.10+7-LTS, mixed mode, sharing, tiered, compressed oops, compressed class ptrs, parallel gc, windows-amd64)
GC Precious Log:
 CardTable entry size: 512
 CPUs: 20 total, 20 available
 Memory: 16077M
 Large Page Support: Disabled
 NUMA Support: Disabled
 Compressed Oops: Enabled (32-bit)
 Alignments: Space 512K, Generation 512K, Heap 2M
 Heap Min Capacity: 100M
 Heap Initial Capacity: 100M
 Heap Max Capacity: 2G
 Pre-touch: Disabled
 Parallel Workers: 15
Heap:
 PSYoungGen      total 18944K, used 6675K [0x00000000d5580000, 0x00000000d6f00000, 0x0000000100000000)
  eden space 15872K, 25% used [0x00000000d5580000,0x00000000d5978df0,0x00000000d6500000)
  from space 3072K, 84% used [0x00000000d6500000,0x00000000d678c010,0x00000000d6800000)
  to   space 5120K, 0% used [0x00000000d6a00000,0x00000000d6a00000,0x00000000d6f00000)
 ParOldGen       total 68608K, used 28935K [0x0000000080000000, 0x0000000084300000, 0x00000000d5580000)
  object space 68608K, 42% used [0x0000000080000000,0x0000000081c41d40,0x0000000084300000)
 Metaspace       used 43518K, committed 44736K, reserved 1114112K
  class space    used 4661K, committed 5184K, reserved 1048576K
GC Heap History (20 events):
Event: 17.007 GC heap before
{Heap before GC invocations=9 (full 1):
 PSYoungGen      total 29184K, used 24576K [0x00000000d5580000, 0x00000000d7780000, 0x0000000100000000)
  eden space 24576K, 100% used [0x00000000d5580000,0x00000000d6d80000,0x00000000d6d80000)
  from space 4608K, 0% used [0x00000000d6e00000,0x00000000d6e00000,0x00000000d7280000)
  to   space 5120K, 0% used [0x00000000d7280000,0x00000000d7280000,0x00000000d7780000)
 ParOldGen       total 68608K, used 13119K [0x0000000080000000, 0x0000000084300000, 0x00000000d5580000)
  object space 68608K, 19% used [0x0000000080000000,0x0000000080ccfe50,0x0000000084300000)
 Metaspace       used 22691K, committed 23616K, reserved 1114112K
  class space    used 2366K, committed 2752K, reserved 1048576K
}
Event: 17.009 GC heap after
{Heap after GC invocations=9 (full 1):
 PSYoungGen      total 26624K, used 2496K [0x00000000d5580000, 0x00000000d7500000, 0x0000000100000000)
  eden space 24064K, 0% used [0x00000000d5580000,0x00000000d5580000,0x00000000d6d00000)
  from space 2560K, 97% used [0x00000000d7280000,0x00000000d74f02c8,0x00000000d7500000)
  to   space 3584K, 0% used [0x00000000d6e00000,0x00000000d6e00000,0x00000000d7180000)
 ParOldGen       total 68608K, used 13127K [0x0000000080000000, 0x0000000084300000, 0x00000000d5580000)
  object space 68608K, 19% used [0x0000000080000000,0x0000000080cd1e50,0x0000000084300000)
 Metaspace       used 22691K, committed 23616K, reserved 1114112K
  class space    used 2366K, committed 2752K, reserved 1048576K
}
Event: 17.226 GC heap before
{Heap before GC invocations=10 (full 1):
 PSYoungGen      total 26624K, used 26560K [0x00000000d5580000, 0x00000000d7500000, 0x0000000100000000)
  eden space 24064K, 100% used [0x00000000d5580000,0x00000000d6d00000,0x00000000d6d00000)
  from space 2560K, 97% used [0x00000000d7280000,0x00000000d74f02c8,0x00000000d7500000)
  to   space 3584K, 0% used [0x00000000d6e00000,0x00000000d6e00000,0x00000000d7180000)
 ParOldGen       total 68608K, used 13127K [0x0000000080000000, 0x0000000084300000, 0x00000000d5580000)
  object space 68608K, 19% used [0x0000000080000000,0x0000000080cd1e50,0x0000000084300000)
 Metaspace       used 26393K, committed 27392K, reserved 1114112K
  class space    used 2626K, committed 3072K, reserved 1048576K
}
Event: 17.227 GC heap after
{Heap after GC invocations=10 (full 1):
 PSYoungGen      total 25088K, used 1490K [0x00000000d5580000, 0x00000000d7300000, 0x0000000100000000)
  eden space 23552K, 0% used [0x00000000d5580000,0x00000000d5580000,0x00000000d6c80000)
  from space 1536K, 97% used [0x00000000d6e00000,0x00000000d6f74aa0,0x00000000d6f80000)
  to   space 2048K, 0% used [0x00000000d7100000,0x00000000d7100000,0x00000000d7300000)
 ParOldGen       total 68608K, used 13135K [0x0000000080000000, 0x0000000084300000, 0x00000000d5580000)
  object space 68608K, 19% used [0x0000000080000000,0x0000000080cd3e50,0x0000000084300000)
 Metaspace       used 26393K, committed 27392K, reserved 1114112K
  class space    used 2626K, committed 3072K, reserved 1048576K
}
Event: 17.439 GC heap before
{Heap before GC invocations=11 (full 1):
 PSYoungGen      total 25088K, used 25042K [0x00000000d5580000, 0x00000000d7300000, 0x0000000100000000)
  eden space 23552K, 100% used [0x00000000d5580000,0x00000000d6c80000,0x00000000d6c80000)
  from space 1536K, 97% used [0x00000000d6e00000,0x00000000d6f74aa0,0x00000000d6f80000)
  to   space 2048K, 0% used [0x00000000d7100000,0x00000000d7100000,0x00000000d7300000)
 ParOldGen       total 68608K, used 13135K [0x0000000080000000, 0x0000000084300000, 0x00000000d5580000)
  object space 68608K, 19% used [0x0000000080000000,0x0000000080cd3e50,0x0000000084300000)
 Metaspace       used 27898K, committed 28928K, reserved 1114112K
  class space    used 2731K, committed 3200K, reserved 1048576K
}
Event: 17.441 GC heap after
{Heap after GC invocations=11 (full 1):
 PSYoungGen      total 25088K, used 1915K [0x00000000d5580000, 0x00000000d7300000, 0x0000000100000000)
  eden space 23040K, 0% used [0x00000000d5580000,0x00000000d5580000,0x00000000d6c00000)
  from space 2048K, 93% used [0x00000000d7100000,0x00000000d72deda0,0x00000000d7300000)
  to   space 2048K, 0% used [0x00000000d6f00000,0x00000000d6f00000,0x00000000d7100000)
 ParOldGen       total 68608K, used 15000K [0x0000000080000000, 0x0000000084300000, 0x00000000d5580000)
  object space 68608K, 21% used [0x0000000080000000,0x0000000080ea62a8,0x0000000084300000)
 Metaspace       used 27898K, committed 28928K, reserved 1114112K
  class space    used 2731K, committed 3200K, reserved 1048576K
}
Event: 17.799 GC heap before
{Heap before GC invocations=12 (full 1):
 PSYoungGen      total 25088K, used 24916K [0x00000000d5580000, 0x00000000d7300000, 0x0000000100000000)
  eden space 23040K, 99% used [0x00000000d5580000,0x00000000d6bf64a8,0x00000000d6c00000)
  from space 2048K, 93% used [0x00000000d7100000,0x00000000d72deda0,0x00000000d7300000)
  to   space 2048K, 0% used [0x00000000d6f00000,0x00000000d6f00000,0x00000000d7100000)
 ParOldGen       total 68608K, used 15000K [0x0000000080000000, 0x0000000084300000, 0x00000000d5580000)
  object space 68608K, 21% used [0x0000000080000000,0x0000000080ea62a8,0x0000000084300000)
 Metaspace       used 31218K, committed 32320K, reserved 1114112K
  class space    used 3103K, committed 3584K, reserved 1048576K
}
Event: 17.801 GC heap after
{Heap after GC invocations=12 (full 1):
 PSYoungGen      total 24576K, used 2016K [0x00000000d5580000, 0x00000000d7480000, 0x0000000100000000)
  eden space 22528K, 0% used [0x00000000d5580000,0x00000000d5580000,0x00000000d6b80000)
  from space 2048K, 98% used [0x00000000d6f00000,0x00000000d70f80c0,0x00000000d7100000)
  to   space 3584K, 0% used [0x00000000d7100000,0x00000000d7100000,0x00000000d7480000)
 ParOldGen       total 68608K, used 16866K [0x0000000080000000, 0x0000000084300000, 0x00000000d5580000)
  object space 68608K, 24% used [0x0000000080000000,0x0000000081078bb8,0x0000000084300000)
 Metaspace       used 31218K, committed 32320K, reserved 1114112K
  class space    used 3103K, committed 3584K, reserved 1048576K
}
Event: 17.967 GC heap before
{Heap before GC invocations=13 (full 1):
 PSYoungGen      total 24576K, used 24544K [0x00000000d5580000, 0x00000000d7480000, 0x0000000100000000)
  eden space 22528K, 100% used [0x00000000d5580000,0x00000000d6b80000,0x00000000d6b80000)
  from space 2048K, 98% used [0x00000000d6f00000,0x00000000d70f80c0,0x00000000d7100000)
  to   space 3584K, 0% used [0x00000000d7100000,0x00000000d7100000,0x00000000d7480000)
 ParOldGen       total 68608K, used 16866K [0x0000000080000000, 0x0000000084300000, 0x00000000d5580000)
  object space 68608K, 24% used [0x0000000080000000,0x0000000081078bb8,0x0000000084300000)
 Metaspace       used 34158K, committed 35328K, reserved 1114112K
  class space    used 3434K, committed 3904K, reserved 1048576K
}
Event: 17.970 GC heap after
{Heap after GC invocations=13 (full 1):
 PSYoungGen      total 25600K, used 3558K [0x00000000d5580000, 0x00000000d7480000, 0x0000000100000000)
  eden space 22016K, 0% used [0x00000000d5580000,0x00000000d5580000,0x00000000d6b00000)
  from space 3584K, 99% used [0x00000000d7100000,0x00000000d7479ac8,0x00000000d7480000)
  to   space 4096K, 0% used [0x00000000d6c80000,0x00000000d6c80000,0x00000000d7080000)
 ParOldGen       total 68608K, used 19863K [0x0000000080000000, 0x0000000084300000, 0x00000000d5580000)
  object space 68608K, 28% used [0x0000000080000000,0x0000000081365d60,0x0000000084300000)
 Metaspace       used 34158K, committed 35328K, reserved 1114112K
  class space    used 3434K, committed 3904K, reserved 1048576K
}
Event: 18.033 GC heap before
{Heap before GC invocations=14 (full 1):
 PSYoungGen      total 25600K, used 12363K [0x00000000d5580000, 0x00000000d7480000, 0x0000000100000000)
  eden space 22016K, 39% used [0x00000000d5580000,0x00000000d5e19368,0x00000000d6b00000)
  from space 3584K, 99% used [0x00000000d7100000,0x00000000d7479ac8,0x00000000d7480000)
  to   space 4096K, 0% used [0x00000000d6c80000,0x00000000d6c80000,0x00000000d7080000)
 ParOldGen       total 68608K, used 19863K [0x0000000080000000, 0x0000000084300000, 0x00000000d5580000)
  object space 68608K, 28% used [0x0000000080000000,0x0000000081365d60,0x0000000084300000)
 Metaspace       used 34758K, committed 35840K, reserved 1114112K
  class space    used 3515K, committed 3968K, reserved 1048576K
}
Event: 18.035 GC heap after
{Heap after GC invocations=14 (full 1):
 PSYoungGen      total 23552K, used 1312K [0x00000000d5580000, 0x00000000d7180000, 0x0000000100000000)
  eden space 22016K, 0% used [0x00000000d5580000,0x00000000d5580000,0x00000000d6b00000)
  from space 1536K, 85% used [0x00000000d6c80000,0x00000000d6dc8000,0x00000000d6e00000)
  to   space 2560K, 0% used [0x00000000d6f00000,0x00000000d6f00000,0x00000000d7180000)
 ParOldGen       total 68608K, used 21189K [0x0000000080000000, 0x0000000084300000, 0x00000000d5580000)
  object space 68608K, 30% used [0x0000000080000000,0x00000000814b1690,0x0000000084300000)
 Metaspace       used 34758K, committed 35840K, reserved 1114112K
  class space    used 3515K, committed 3968K, reserved 1048576K
}
Event: 18.035 GC heap before
{Heap before GC invocations=15 (full 2):
 PSYoungGen      total 23552K, used 1312K [0x00000000d5580000, 0x00000000d7180000, 0x0000000100000000)
  eden space 22016K, 0% used [0x00000000d5580000,0x00000000d5580000,0x00000000d6b00000)
  from space 1536K, 85% used [0x00000000d6c80000,0x00000000d6dc8000,0x00000000d6e00000)
  to   space 2560K, 0% used [0x00000000d6f00000,0x00000000d6f00000,0x00000000d7180000)
 ParOldGen       total 68608K, used 21189K [0x0000000080000000, 0x0000000084300000, 0x00000000d5580000)
  object space 68608K, 30% used [0x0000000080000000,0x00000000814b1690,0x0000000084300000)
 Metaspace       used 34758K, committed 35840K, reserved 1114112K
  class space    used 3515K, committed 3968K, reserved 1048576K
}
Event: 18.065 GC heap after
{Heap after GC invocations=15 (full 2):
 PSYoungGen      total 23552K, used 0K [0x00000000d5580000, 0x00000000d7180000, 0x0000000100000000)
  eden space 22016K, 0% used [0x00000000d5580000,0x00000000d5580000,0x00000000d6b00000)
  from space 1536K, 0% used [0x00000000d6c80000,0x00000000d6c80000,0x00000000d6e00000)
  to   space 2560K, 0% used [0x00000000d6f00000,0x00000000d6f00000,0x00000000d7180000)
 ParOldGen       total 68608K, used 19964K [0x0000000080000000, 0x0000000084300000, 0x00000000d5580000)
  object space 68608K, 29% used [0x0000000080000000,0x000000008137f290,0x0000000084300000)
 Metaspace       used 34758K, committed 35840K, reserved 1114112K
  class space    used 3515K, committed 3968K, reserved 1048576K
}
Event: 18.223 GC heap before
{Heap before GC invocations=16 (full 2):
 PSYoungGen      total 23552K, used 22016K [0x00000000d5580000, 0x00000000d7180000, 0x0000000100000000)
  eden space 22016K, 100% used [0x00000000d5580000,0x00000000d6b00000,0x00000000d6b00000)
  from space 1536K, 0% used [0x00000000d6c80000,0x00000000d6c80000,0x00000000d6e00000)
  to   space 2560K, 0% used [0x00000000d6f00000,0x00000000d6f00000,0x00000000d7180000)
 ParOldGen       total 68608K, used 19964K [0x0000000080000000, 0x0000000084300000, 0x00000000d5580000)
  object space 68608K, 29% used [0x0000000080000000,0x000000008137f290,0x0000000084300000)
 Metaspace       used 38057K, committed 39296K, reserved 1114112K
  class space    used 3949K, committed 4480K, reserved 1048576K
}
Event: 18.226 GC heap after
{Heap after GC invocations=16 (full 2):
 PSYoungGen      total 23040K, used 992K [0x00000000d5580000, 0x00000000d7000000, 0x0000000100000000)
  eden space 22016K, 0% used [0x00000000d5580000,0x00000000d5580000,0x00000000d6b00000)
  from space 1024K, 96% used [0x00000000d6f00000,0x00000000d6ff8000,0x00000000d7000000)
  to   space 1536K, 0% used [0x00000000d6d00000,0x00000000d6d00000,0x00000000d6e80000)
 ParOldGen       total 68608K, used 19972K [0x0000000080000000, 0x0000000084300000, 0x00000000d5580000)
  object space 68608K, 29% used [0x0000000080000000,0x0000000081381290,0x0000000084300000)
 Metaspace       used 38057K, committed 39296K, reserved 1114112K
  class space    used 3949K, committed 4480K, reserved 1048576K
}
Event: 18.435 GC heap before
{Heap before GC invocations=17 (full 2):
 PSYoungGen      total 23040K, used 23008K [0x00000000d5580000, 0x00000000d7000000, 0x0000000100000000)
  eden space 22016K, 100% used [0x00000000d5580000,0x00000000d6b00000,0x00000000d6b00000)
  from space 1024K, 96% used [0x00000000d6f00000,0x00000000d6ff8000,0x00000000d7000000)
  to   space 1536K, 0% used [0x00000000d6d00000,0x00000000d6d00000,0x00000000d6e80000)
 ParOldGen       total 68608K, used 19972K [0x0000000080000000, 0x0000000084300000, 0x00000000d5580000)
  object space 68608K, 29% used [0x0000000080000000,0x0000000081381290,0x0000000084300000)
 Metaspace       used 40772K, committed 41984K, reserved 1114112K
  class space    used 4285K, committed 4800K, reserved 1048576K
}
Event: 18.437 GC heap after
{Heap after GC invocations=17 (full 2):
 PSYoungGen      total 23552K, used 1520K [0x00000000d5580000, 0x00000000d7000000, 0x0000000100000000)
  eden space 22016K, 0% used [0x00000000d5580000,0x00000000d5580000,0x00000000d6b00000)
  from space 1536K, 98% used [0x00000000d6d00000,0x00000000d6e7c010,0x00000000d6e80000)
  to   space 1536K, 0% used [0x00000000d6e80000,0x00000000d6e80000,0x00000000d7000000)
 ParOldGen       total 68608K, used 20632K [0x0000000080000000, 0x0000000084300000, 0x00000000d5580000)
  object space 68608K, 30% used [0x0000000080000000,0x00000000814262a0,0x0000000084300000)
 Metaspace       used 40772K, committed 41984K, reserved 1114112K
  class space    used 4285K, committed 4800K, reserved 1048576K
}
Event: 18.598 GC heap before
{Heap before GC invocations=18 (full 2):
 PSYoungGen      total 23552K, used 23536K [0x00000000d5580000, 0x00000000d7000000, 0x0000000100000000)
  eden space 22016K, 100% used [0x00000000d5580000,0x00000000d6b00000,0x00000000d6b00000)
  from space 1536K, 98% used [0x00000000d6d00000,0x00000000d6e7c010,0x00000000d6e80000)
  to   space 1536K, 0% used [0x00000000d6e80000,0x00000000d6e80000,0x00000000d7000000)
 ParOldGen       total 68608K, used 20632K [0x0000000080000000, 0x0000000084300000, 0x00000000d5580000)
  object space 68608K, 30% used [0x0000000080000000,0x00000000814262a0,0x0000000084300000)
 Metaspace       used 41642K, committed 42880K, reserved 1114112K
  class space    used 4400K, committed 4928K, reserved 1048576K
}
Event: 18.602 GC heap after
{Heap after GC invocations=18 (full 2):
 PSYoungGen      total 17408K, used 1529K [0x00000000d5580000, 0x00000000d7e00000, 0x0000000100000000)
  eden space 15872K, 0% used [0x00000000d5580000,0x00000000d5580000,0x00000000d6500000)
  from space 1536K, 99% used [0x00000000d6e80000,0x00000000d6ffe7e0,0x00000000d7000000)
  to   space 9728K, 0% used [0x00000000d6500000,0x00000000d6500000,0x00000000d6e80000)
 ParOldGen       total 68608K, used 27326K [0x0000000080000000, 0x0000000084300000, 0x00000000d5580000)
  object space 68608K, 39% used [0x0000000080000000,0x0000000081aaf920,0x0000000084300000)
 Metaspace       used 41642K, committed 42880K, reserved 1114112K
  class space    used 4400K, committed 4928K, reserved 1048576K
}

